app/build/intermediates/manifest_merge_blame_file/debug/processDebugMainManifest/manifest-merger-blame-debug-report.txt
1<?xml version="1.0" encoding="utf-8"?>
2<manifest xmlns:android="http://schemas.android.com/apk/res/android"
3    package="com.drawoverlay.app.debug"
4    android:versionCode="10"
5    android:versionName="1.1.0" >
6
7    <uses-sdk
8        android:minSdkVersion="26"
9        android:targetSdkVersion="34" />
10
11    <uses-permission android:name="android.permission.SYSTEM_ALERT_WINDOW" />
11-->src\main\AndroidManifest.xml:4:5-78
11-->src\main\AndroidManifest.xml:4:22-75
12    <uses-permission android:name="android.permission.FOREGROUND_SERVICE" />
12-->src\main\AndroidManifest.xml:5:5-77
12-->src\main\AndroidManifest.xml:5:22-74
13    <uses-permission android:name="android.permission.FOREGROUND_SERVICE_SPECIAL_USE" />
13-->src\main\AndroidManifest.xml:6:5-89
13-->src\main\AndroidManifest.xml:6:22-86
14    <uses-permission android:name="android.permission.VIBRATE" />
14-->src\main\AndroidManifest.xml:7:5-66
14-->src\main\AndroidManifest.xml:7:22-63
15    <uses-permission android:name="android.permission.WAKE_LOCK" />
15-->src\main\AndroidManifest.xml:8:5-68
15-->src\main\AndroidManifest.xml:8:22-65
16    <uses-permission
16-->src\main\AndroidManifest.xml:9:5-107
17        android:name="android.permission.WRITE_EXTERNAL_STORAGE"
17-->src\main\AndroidManifest.xml:9:22-78
18        android:maxSdkVersion="28" />
18-->src\main\AndroidManifest.xml:9:79-105
19    <uses-permission
19-->src\main\AndroidManifest.xml:10:5-106
20        android:name="android.permission.READ_EXTERNAL_STORAGE"
20-->src\main\AndroidManifest.xml:10:22-77
21        android:maxSdkVersion="32" />
21-->src\main\AndroidManifest.xml:10:78-104
22
23    <uses-feature
23-->src\main\AndroidManifest.xml:12:5-97
24        android:name="android.hardware.touchscreen.stylus"
24-->src\main\AndroidManifest.xml:12:19-69
25        android:required="false" />
25-->src\main\AndroidManifest.xml:12:70-94
26    <uses-feature
26-->src\main\AndroidManifest.xml:13:5-90
27        android:name="android.hardware.touchscreen"
27-->src\main\AndroidManifest.xml:13:19-62
28        android:required="false" />
28-->src\main\AndroidManifest.xml:13:63-87
29
30    <permission
30-->[androidx.core:core:1.13.1] AndroidManifest.xml:22:5-24:47
31        android:name="com.drawoverlay.app.debug.DYNAMIC_RECEIVER_NOT_EXPORTED_PERMISSION"
31-->[androidx.core:core:1.13.1] AndroidManifest.xml:23:9-81
32        android:protectionLevel="signature" />
32-->[androidx.core:core:1.13.1] AndroidManifest.xml:24:9-44
33
34    <uses-permission android:name="com.drawoverlay.app.debug.DYNAMIC_RECEIVER_NOT_EXPORTED_PERMISSION" />
34-->[androidx.core:core:1.13.1] AndroidManifest.xml:26:5-97
34-->[androidx.core:core:1.13.1] AndroidManifest.xml:26:22-94
35
36    <application
36-->src\main\AndroidManifest.xml:15:5-49:19
37        android:name="com.drawoverlay.app.App"
37-->src\main\AndroidManifest.xml:16:9-28
38        android:allowBackup="true"
38-->src\main\AndroidManifest.xml:17:9-35
39        android:appComponentFactory="androidx.core.app.CoreComponentFactory"
39-->[androidx.core:core:1.13.1] AndroidManifest.xml:28:18-86
40        android:debuggable="true"
41        android:extractNativeLibs="false"
42        android:icon="@mipmap/ic_launcher"
42-->src\main\AndroidManifest.xml:18:9-43
43        android:label="@string/app_name"
43-->src\main\AndroidManifest.xml:19:9-41
44        android:roundIcon="@mipmap/ic_launcher_round"
44-->src\main\AndroidManifest.xml:20:9-54
45        android:supportsRtl="true"
45-->src\main\AndroidManifest.xml:21:9-35
46        android:testOnly="true"
47        android:theme="@style/Theme.DrawOnScreen" >
47-->src\main\AndroidManifest.xml:22:9-50
48        <activity
48-->src\main\AndroidManifest.xml:24:9-33:20
49            android:name="com.drawoverlay.app.MainActivity"
49-->src\main\AndroidManifest.xml:25:13-41
50            android:exported="true"
50-->src\main\AndroidManifest.xml:26:13-36
51            android:launchMode="singleTop"
51-->src\main\AndroidManifest.xml:28:13-43
52            android:screenOrientation="unspecified" >
52-->src\main\AndroidManifest.xml:27:13-52
53            <intent-filter>
53-->src\main\AndroidManifest.xml:29:13-32:29
54                <action android:name="android.intent.action.MAIN" />
54-->src\main\AndroidManifest.xml:30:17-69
54-->src\main\AndroidManifest.xml:30:25-66
55
56                <category android:name="android.intent.category.LAUNCHER" />
56-->src\main\AndroidManifest.xml:31:17-77
56-->src\main\AndroidManifest.xml:31:27-74
57            </intent-filter>
58        </activity>
59        <activity
59-->src\main\AndroidManifest.xml:35:9-38:57
60            android:name="com.drawoverlay.app.SettingsActivity"
60-->src\main\AndroidManifest.xml:36:13-45
61            android:exported="false"
61-->src\main\AndroidManifest.xml:37:13-37
62            android:parentActivityName="com.drawoverlay.app.MainActivity" />
62-->src\main\AndroidManifest.xml:38:13-55
63
64        <service
64-->src\main\AndroidManifest.xml:40:9-47:19
65            android:name="com.drawoverlay.app.DrawingService"
65-->src\main\AndroidManifest.xml:41:13-43
66            android:exported="false"
66-->src\main\AndroidManifest.xml:42:13-37
67            android:foregroundServiceType="specialUse" >
67-->src\main\AndroidManifest.xml:43:13-55
68            <property
68-->src\main\AndroidManifest.xml:44:13-46:49
69                android:name="android.app.PROPERTY_SPECIAL_USE_FGS_SUBTYPE"
69-->src\main\AndroidManifest.xml:45:17-76
70                android:value="screenOverlay" />
70-->src\main\AndroidManifest.xml:46:17-46
71        </service>
72
73        <provider
73-->[androidx.emoji2:emoji2:1.3.0] AndroidManifest.xml:24:9-32:20
74            android:name="androidx.startup.InitializationProvider"
74-->[androidx.emoji2:emoji2:1.3.0] AndroidManifest.xml:25:13-67
75            android:authorities="com.drawoverlay.app.debug.androidx-startup"
75-->[androidx.emoji2:emoji2:1.3.0] AndroidManifest.xml:26:13-68
76            android:exported="false" >
76-->[androidx.emoji2:emoji2:1.3.0] AndroidManifest.xml:27:13-37
77            <meta-data
77-->[androidx.emoji2:emoji2:1.3.0] AndroidManifest.xml:29:13-31:52
78                android:name="androidx.emoji2.text.EmojiCompatInitializer"
78-->[androidx.emoji2:emoji2:1.3.0] AndroidManifest.xml:30:17-75
79                android:value="androidx.startup" />
79-->[androidx.emoji2:emoji2:1.3.0] AndroidManifest.xml:31:17-49
80            <meta-data
80-->[androidx.lifecycle:lifecycle-process:2.8.2] AndroidManifest.xml:29:13-31:52
81                android:name="androidx.lifecycle.ProcessLifecycleInitializer"
81-->[androidx.lifecycle:lifecycle-process:2.8.2] AndroidManifest.xml:30:17-78
82                android:value="androidx.startup" />
82-->[androidx.lifecycle:lifecycle-process:2.8.2] AndroidManifest.xml:31:17-49
83            <meta-data
83-->[androidx.profileinstaller:profileinstaller:1.3.1] AndroidManifest.xml:29:13-31:52
84                android:name="androidx.profileinstaller.ProfileInstallerInitializer"
84-->[androidx.profileinstaller:profileinstaller:1.3.1] AndroidManifest.xml:30:17-85
85                android:value="androidx.startup" />
85-->[androidx.profileinstaller:profileinstaller:1.3.1] AndroidManifest.xml:31:17-49
86        </provider>
87
88        <receiver
88-->[androidx.profileinstaller:profileinstaller:1.3.1] AndroidManifest.xml:34:9-52:20
89            android:name="androidx.profileinstaller.ProfileInstallReceiver"
89-->[androidx.profileinstaller:profileinstaller:1.3.1] AndroidManifest.xml:35:13-76
90            android:directBootAware="false"
90-->[androidx.profileinstaller:profileinstaller:1.3.1] AndroidManifest.xml:36:13-44
91            android:enabled="true"
91-->[androidx.profileinstaller:profileinstaller:1.3.1] AndroidManifest.xml:37:13-35
92            android:exported="true"
92-->[androidx.profileinstaller:profileinstaller:1.3.1] AndroidManifest.xml:38:13-36
93            android:permission="android.permission.DUMP" >
93-->[androidx.profileinstaller:profileinstaller:1.3.1] AndroidManifest.xml:39:13-57
94            <intent-filter>
94-->[androidx.profileinstaller:profileinstaller:1.3.1] AndroidManifest.xml:40:13-42:29
95                <action android:name="androidx.profileinstaller.action.INSTALL_PROFILE" />
95-->[androidx.profileinstaller:profileinstaller:1.3.1] AndroidManifest.xml:41:17-91
95-->[androidx.profileinstaller:profileinstaller:1.3.1] AndroidManifest.xml:41:25-88
96            </intent-filter>
97            <intent-filter>
97-->[androidx.profileinstaller:profileinstaller:1.3.1] AndroidManifest.xml:43:13-45:29
98                <action android:name="androidx.profileinstaller.action.SKIP_FILE" />
98-->[androidx.profileinstaller:profileinstaller:1.3.1] AndroidManifest.xml:44:17-85
98-->[androidx.profileinstaller:profileinstaller:1.3.1] AndroidManifest.xml:44:25-82
99            </intent-filter>
100            <intent-filter>
100-->[androidx.profileinstaller:profileinstaller:1.3.1] AndroidManifest.xml:46:13-48:29
101                <action android:name="androidx.profileinstaller.action.SAVE_PROFILE" />
101-->[androidx.profileinstaller:profileinstaller:1.3.1] AndroidManifest.xml:47:17-88
101-->[androidx.profileinstaller:profileinstaller:1.3.1] AndroidManifest.xml:47:25-85
102            </intent-filter>
103            <intent-filter>
103-->[androidx.profileinstaller:profileinstaller:1.3.1] AndroidManifest.xml:49:13-51:29
104                <action android:name="androidx.profileinstaller.action.BENCHMARK_OPERATION" />
104-->[androidx.profileinstaller:profileinstaller:1.3.1] AndroidManifest.xml:50:17-95
104-->[androidx.profileinstaller:profileinstaller:1.3.1] AndroidManifest.xml:50:25-92
105            </intent-filter>
106        </receiver>
107    </application>
108
109</manifest>